344  DEBUG com.testhelper.CodeLoader  - Looking for config file: ./resources/java-configger2.txt
351  DEBUG com.testhelper.CodeLoader  - Using current working directory: /Users/pgrandje/IdeaProjects/SelGen/RunFolder
351  DEBUG com.testhelper.CodeLoader  - Found a new tag
351  DEBUG com.testhelper.CodeLoader  - Reading tag <a>
351  DEBUG com.testhelper.CodeLoader  - Processing tag's code-block.
351  DEBUG com.testhelper.CodeLoader  - Processing Member code line:    // Anchor tag (<a>)
351  DEBUG com.testhelper.CodeLoader  - Processing Member code line:    @FindBy(<locator>)
352  DEBUG com.testhelper.CodeLoader  - Processing Member code line:    private WebElement <symbol>;
352  DEBUG com.testhelper.CodeLoader  - Processing Code Line:    public String get<symbol>LinkText() {
352  DEBUG com.testhelper.CodeLoader  - Processing Code Line:       return <symbol>.getText();
352  DEBUG com.testhelper.CodeLoader  - Processing Code Line:    }
352  DEBUG com.testhelper.CodeLoader  - Processing Code Line: 
352  DEBUG com.testhelper.CodeLoader  - Processing Code Line:    public void click<symbol>() {
352  DEBUG com.testhelper.CodeLoader  - Processing Code Line:       <symbol>.click();
353  DEBUG com.testhelper.CodeLoader  - Processing Code Line:    }
353  INFO  com.testhelper.CodeLoader  - Loading new tag and code into TagSwitcher.  Using tag <a>
353  INFO  com.testhelper.CodeLoader  - With member code: 
353  INFO  com.testhelper.CodeLoader  -    // Anchor tag (<a>)
   @FindBy(<locator>)
   private WebElement <symbol>;

353  INFO  com.testhelper.CodeLoader  - And method code: 
353  INFO  com.testhelper.CodeLoader  -    public String get<symbol>LinkText() {
      return <symbol>.getText();
   }

   public void click<symbol>() {
      <symbol>.click();
   }

355  DEBUG com.testhelper.CodeLoader  - Found a new tag
355  DEBUG com.testhelper.CodeLoader  - Reading tag <h1>
355  DEBUG com.testhelper.CodeLoader  - Processing tag's code-block.
355  DEBUG com.testhelper.CodeLoader  - Processing Member code line:    // Header1
355  DEBUG com.testhelper.CodeLoader  - Processing Member code line:    @FindBy(<locator>)
355  DEBUG com.testhelper.CodeLoader  - Processing Member code line:    private WebElement <symbol>;
355  DEBUG com.testhelper.CodeLoader  - Processing Code Line:    public String get<symbol>Text() {
355  DEBUG com.testhelper.CodeLoader  - Processing Code Line:       return <symbol>.getText();
358  DEBUG com.testhelper.CodeLoader  - Processing Code Line:    }
358  INFO  com.testhelper.CodeLoader  - Loading new tag and code into TagSwitcher.  Using tag <h1>
358  INFO  com.testhelper.CodeLoader  - With member code: 
358  INFO  com.testhelper.CodeLoader  -    // Header1
   @FindBy(<locator>)
   private WebElement <symbol>;

358  INFO  com.testhelper.CodeLoader  - And method code: 
358  INFO  com.testhelper.CodeLoader  -    public String get<symbol>Text() {
      return <symbol>.getText();
   }

359  DEBUG com.testhelper.CodeLoader  - Found a new tag
359  DEBUG com.testhelper.CodeLoader  - Reading tag <h2>
359  DEBUG com.testhelper.CodeLoader  - Processing tag's code-block.
359  DEBUG com.testhelper.CodeLoader  - Processing Member code line:    // Header2
359  DEBUG com.testhelper.CodeLoader  - Processing Member code line:    @FindBy(<locator>)
359  DEBUG com.testhelper.CodeLoader  - Processing Member code line:    private WebElement <symbol>;
359  DEBUG com.testhelper.CodeLoader  - Processing Code Line:    public String get<symbol>Text() {
359  DEBUG com.testhelper.CodeLoader  - Processing Code Line:       return <symbol>.getText();
359  DEBUG com.testhelper.CodeLoader  - Processing Code Line:    }
360  INFO  com.testhelper.CodeLoader  - Loading new tag and code into TagSwitcher.  Using tag <h2>
360  INFO  com.testhelper.CodeLoader  - With member code: 
360  INFO  com.testhelper.CodeLoader  -    // Header2
   @FindBy(<locator>)
   private WebElement <symbol>;

360  INFO  com.testhelper.CodeLoader  - And method code: 
360  INFO  com.testhelper.CodeLoader  -    public String get<symbol>Text() {
      return <symbol>.getText();
   }

360  DEBUG com.testhelper.CodeLoader  - Found a new tag
683  DEBUG com.testhelper.CodeLoader  - Reading tag <p>
683  DEBUG com.testhelper.CodeLoader  - Processing tag's code-block.
683  DEBUG com.testhelper.CodeLoader  - Processing Member code line:    // Paragraph <p> element
683  DEBUG com.testhelper.CodeLoader  - Processing Member code line:    @FindBy(<locator>)
683  DEBUG com.testhelper.CodeLoader  - Processing Member code line:    private WebElement <symbol>;
685  DEBUG com.testhelper.CodeLoader  - Processing Code Line:    public String get<symbol>ParagraphText() {
685  DEBUG com.testhelper.CodeLoader  - Processing Code Line:       return <symbol>.getText();
685  DEBUG com.testhelper.CodeLoader  - Processing Code Line:    }
685  INFO  com.testhelper.CodeLoader  - Loading new tag and code into TagSwitcher.  Using tag <p>
685  INFO  com.testhelper.CodeLoader  - With member code: 
685  INFO  com.testhelper.CodeLoader  -    // Paragraph <p> element
   @FindBy(<locator>)
   private WebElement <symbol>;

685  INFO  com.testhelper.CodeLoader  - And method code: 
685  INFO  com.testhelper.CodeLoader  -    public String get<symbol>ParagraphText() {
      return <symbol>.getText();
   }

686  DEBUG com.testhelper.CodeLoader  - Found a new tag
686  DEBUG com.testhelper.CodeLoader  - Reading tag <ol>
686  DEBUG com.testhelper.CodeLoader  - Processing tag's code-block.
686  DEBUG com.testhelper.CodeLoader  - Processing Member code line:    // numbered list begin
686  DEBUG com.testhelper.CodeLoader  - Processing Member code line: <-- Code Block End -->
687  DEBUG com.testhelper.CodeLoader  - Processing Member code line: 
687  DEBUG com.testhelper.CodeLoader  - Processing Member code line: 
687  DEBUG com.testhelper.CodeLoader  - Processing Member code line: <*** New Tag ***>
687  DEBUG com.testhelper.CodeLoader  - Processing Member code line: <ul>
687  DEBUG com.testhelper.CodeLoader  - Processing Member code line: <-- Code Block Begin -->
687  DEBUG com.testhelper.CodeLoader  - Processing Member code line:    @FindBy(<locator>)
687  DEBUG com.testhelper.CodeLoader  - Processing Member code line:    private WebElement <symbol>UiListItem;
687  DEBUG com.testhelper.CodeLoader  - Processing Code Line:    public String get<symbol>UiListItemText() {
687  DEBUG com.testhelper.CodeLoader  - Processing Code Line:       return <symbol>UiListItem.getText();
687  DEBUG com.testhelper.CodeLoader  - Processing Code Line:    }
688  INFO  com.testhelper.CodeLoader  - Loading new tag and code into TagSwitcher.  Using tag <ol>
688  INFO  com.testhelper.CodeLoader  - With member code: 
688  INFO  com.testhelper.CodeLoader  -    // numbered list begin
<-- Code Block End -->


<*** New Tag ***>
<ul>
<-- Code Block Begin -->
   @FindBy(<locator>)
   private WebElement <symbol>UiListItem;

688  INFO  com.testhelper.CodeLoader  - And method code: 
688  INFO  com.testhelper.CodeLoader  -    public String get<symbol>UiListItemText() {
      return <symbol>UiListItem.getText();
   }

688  DEBUG com.testhelper.CodeLoader  - Found a new tag
689  DEBUG com.testhelper.CodeLoader  - Reading tag <li>
689  DEBUG com.testhelper.CodeLoader  - Processing tag's code-block.
689  DEBUG com.testhelper.CodeLoader  - Processing Member code line:    @FindBy(<locator>)
689  DEBUG com.testhelper.CodeLoader  - Processing Member code line:    private WebElement <symbol>LiListItem;
689  DEBUG com.testhelper.CodeLoader  - Processing Code Line:    public String get<symbol>LiListItemText() {
689  DEBUG com.testhelper.CodeLoader  - Processing Code Line:       return <symbol>LiListItem.getText();
689  DEBUG com.testhelper.CodeLoader  - Processing Code Line:    }
689  INFO  com.testhelper.CodeLoader  - Loading new tag and code into TagSwitcher.  Using tag <li>
689  INFO  com.testhelper.CodeLoader  - With member code: 
690  INFO  com.testhelper.CodeLoader  -    @FindBy(<locator>)
   private WebElement <symbol>LiListItem;

690  INFO  com.testhelper.CodeLoader  - And method code: 
690  INFO  com.testhelper.CodeLoader  -    public String get<symbol>LiListItemText() {
      return <symbol>LiListItem.getText();
   }

690  DEBUG com.testhelper.CodeLoader  - Found file end.
