704  INFO  com.testhelper.NodeScanner  - Entered scanForUIElements using parent node 'html' at Level 0
704  INFO  com.testhelper.NodeScanner  - Current Node Name head -- Value: null -- Node type: 1
710  INFO  com.testhelper.NodeScanner  - Entered scanForUIElements using parent node 'head' at Level 1
710  INFO  com.testhelper.NodeScanner  - Current Node Name title -- Value: null -- Node type: 1
710  INFO  com.testhelper.NodeScanner  - Entered scanForUIElements using parent node 'title' at Level 2
710  INFO  com.testhelper.NodeScanner  - Entered scanForUIElements using parent node '#text' at Level 3
710  INFO  com.testhelper.NodeScanner  - Current Node Name body -- Value: null -- Node type: 1
711  INFO  com.testhelper.NodeScanner  - Entered scanForUIElements using parent node 'body' at Level 1
711  INFO  com.testhelper.NodeScanner  - Entered scanForUIElements using parent node '#text' at Level 2
711  INFO  com.testhelper.NodeScanner  - Entered scanForUIElements using parent node '#text' at Level 2
711  INFO  com.testhelper.NodeScanner  - Entered scanForUIElements using parent node '#text' at Level 2
711  INFO  com.testhelper.NodeScanner  - Entered scanForUIElements using parent node '#text' at Level 2
711  INFO  com.testhelper.NodeScanner  - Current Node Name h1 -- Value: null -- Node type: 1
726  INFO  com.testhelper.NodeScanner  - Entered scanForUIElements using parent node 'h1' at Level 2
726  INFO  com.testhelper.NodeScanner  - Entered scanForUIElements using parent node '#text' at Level 3
726  INFO  com.testhelper.NodeScanner  - Entered scanForUIElements using parent node '#text' at Level 2
727  INFO  com.testhelper.NodeScanner  - Current Node Name h1 -- Value: null -- Node type: 1
730  INFO  com.testhelper.NodeScanner  - Entered scanForUIElements using parent node 'h1' at Level 2
730  INFO  com.testhelper.NodeScanner  - Entered scanForUIElements using parent node '#text' at Level 3
730  INFO  com.testhelper.NodeScanner  - Entered scanForUIElements using parent node '#text' at Level 2
730  INFO  com.testhelper.NodeScanner  - Entered scanForUIElements using parent node '#text' at Level 2
731  INFO  com.testhelper.NodeScanner  - Current Node Name h2 -- Value: null -- Node type: 1
734  INFO  com.testhelper.NodeScanner  - Entered scanForUIElements using parent node 'h2' at Level 2
734  INFO  com.testhelper.NodeScanner  - Entered scanForUIElements using parent node '#text' at Level 3
735  INFO  com.testhelper.NodeScanner  - Entered scanForUIElements using parent node '#text' at Level 2
735  INFO  com.testhelper.NodeScanner  - Current Node Name h1 -- Value: null -- Node type: 1
738  INFO  com.testhelper.NodeScanner  - Entered scanForUIElements using parent node 'h1' at Level 2
738  INFO  com.testhelper.NodeScanner  - Entered scanForUIElements using parent node '#text' at Level 3
738  INFO  com.testhelper.NodeScanner  - Entered scanForUIElements using parent node '#text' at Level 2
738  INFO  com.testhelper.NodeScanner  - Entered scanForUIElements using parent node '#text' at Level 2
738  INFO  com.testhelper.NodeScanner  - Current Node Name p -- Value: null -- Node type: 1
743  INFO  com.testhelper.NodeScanner  - Entered scanForUIElements using parent node 'p' at Level 2
743  INFO  com.testhelper.NodeScanner  - Entered scanForUIElements using parent node '#text' at Level 3
743  INFO  com.testhelper.NodeScanner  - Entered scanForUIElements using parent node '#text' at Level 2
744  INFO  com.testhelper.NodeScanner  - Entered scanForUIElements using parent node '#text' at Level 2
744  INFO  com.testhelper.NodeScanner  - Current Node Name div -- Value: null -- Node type: 1
744  INFO  com.testhelper.NodeScanner  - Entered scanForUIElements using parent node 'div' at Level 2
744  INFO  com.testhelper.NodeScanner  - Entered scanForUIElements using parent node '#text' at Level 3
744  INFO  com.testhelper.NodeScanner  - Entered scanForUIElements using parent node '#text' at Level 2
744  INFO  com.testhelper.NodeScanner  - Entered scanForUIElements using parent node '#text' at Level 2
744  INFO  com.testhelper.NodeScanner  - Current Node Name div -- Value: null -- Node type: 1
744  INFO  com.testhelper.NodeScanner  - Entered scanForUIElements using parent node 'div' at Level 2
744  INFO  com.testhelper.NodeScanner  - Entered scanForUIElements using parent node '#text' at Level 2
745  INFO  com.testhelper.NodeScanner  - Entered scanForUIElements using parent node '#text' at Level 2
745  INFO  com.testhelper.NodeScanner  - Entered scanForUIElements using parent node '#text' at Level 2
